reference  refGenres from   Refs.Genres, filter "", title "Жанры";
  field Code        synonym Код, Name    :String, from Code;
  field Description synonym Наименование :String, notrefresh, notloaded, from Name;
necessary
  шт;
end;

reference  refMusicants from   Refs.Musicants, title "Музыканты";
  field Code        synonym Код, Name    :String, from Code;
  field Description synonym Наименование :String, notrefresh, notloaded, from Name;
end;

reference  refAlbums from   Refs.Albums, title "Альбомы";
  field Code        synonym Код, Name    :String, from Code;
  field Description synonym Наименование :String, notrefresh, notloaded, from Name;
  field Price       synonym Цена         :Numeric from Price;

  struct MusicantAlbum array integer, from MusicantAlbum;
    field Musicant : refMusicants, from Musicant;
  end;
end;


reference refUnit synonym спрЕдИзм :Cur, from Refs.Unit, title "@Unit:RefTitle=Валюты и единицы измерения";
  field Code synonym Код, Name     :String, from Code;
necessary
  шт;
  руб;
end;
